Traceback (most recent call last):
  File "main.py", line 1, in <module>
    import tensorflow as tf
  File "/home/ckg/anaconda3/envs/tensorflow-cpu/lib/python3.6/site-packages/tensorflow/__init__.py", line 29, in <module>
    from tensorflow._api.v1 import compat
  File "/home/ckg/anaconda3/envs/tensorflow-cpu/lib/python3.6/site-packages/tensorflow/_api/v1/compat/__init__.py", line 21, in <module>
    from tensorflow._api.v1.compat import v1
  File "/home/ckg/anaconda3/envs/tensorflow-cpu/lib/python3.6/site-packages/tensorflow/_api/v1/compat/v1/__init__.py", line 626, in <module>
    child_package_str=('tensorflow_estimator.python.estimator.api.estimator'))
  File "/home/ckg/anaconda3/envs/tensorflow-cpu/lib/python3.6/site-packages/tensorflow/python/tools/component_api_helper.py", line 56, in package_hook
    child_pkg = importlib.import_module(child_package_str)
  File "/home/ckg/anaconda3/envs/tensorflow-cpu/lib/python3.6/importlib/__init__.py", line 126, in import_module
    return _bootstrap._gcd_import(name[level:], package, level)
  File "/home/ckg/anaconda3/envs/tensorflow-cpu/lib/python3.6/site-packages/tensorflow_estimator/__init__.py", line 8, in <module>
    from tensorflow_estimator._api.v1 import estimator
  File "/home/ckg/anaconda3/envs/tensorflow-cpu/lib/python3.6/site-packages/tensorflow_estimator/_api/v1/estimator/__init__.py", line 8, in <module>
    from tensorflow_estimator._api.v1.estimator import experimental
  File "/home/ckg/anaconda3/envs/tensorflow-cpu/lib/python3.6/site-packages/tensorflow_estimator/_api/v1/estimator/experimental/__init__.py", line 8, in <module>
    from tensorflow_estimator.python.estimator.canned.dnn import dnn_logit_fn_builder
  File "/home/ckg/anaconda3/envs/tensorflow-cpu/lib/python3.6/site-packages/tensorflow_estimator/python/estimator/__init__.py", line 25, in <module>
    import tensorflow_estimator.python.estimator.estimator_lib
  File "/home/ckg/anaconda3/envs/tensorflow-cpu/lib/python3.6/site-packages/tensorflow_estimator/python/estimator/estimator_lib.py", line 53, in <module>
    from tensorflow_estimator.python.estimator.inputs import inputs
  File "/home/ckg/anaconda3/envs/tensorflow-cpu/lib/python3.6/site-packages/tensorflow_estimator/python/estimator/inputs/inputs.py", line 22, in <module>
    from tensorflow_estimator.python.estimator.inputs.numpy_io import numpy_input_fn
  File "/home/ckg/anaconda3/envs/tensorflow-cpu/lib/python3.6/site-packages/tensorflow_estimator/python/estimator/inputs/numpy_io.py", line 26, in <module>
    from tensorflow_estimator.python.estimator.inputs.queues import feeding_functions
  File "/home/ckg/anaconda3/envs/tensorflow-cpu/lib/python3.6/site-packages/tensorflow_estimator/python/estimator/inputs/queues/feeding_functions.py", line 40, in <module>
    import pandas as pd
  File "/home/ckg/anaconda3/envs/tensorflow-cpu/lib/python3.6/site-packages/pandas/__init__.py", line 42, in <module>
    from pandas.core.api import *
  File "/home/ckg/anaconda3/envs/tensorflow-cpu/lib/python3.6/site-packages/pandas/core/api.py", line 26, in <module>
    from pandas.core.groupby import Grouper
  File "/home/ckg/anaconda3/envs/tensorflow-cpu/lib/python3.6/site-packages/pandas/core/groupby/__init__.py", line 1, in <module>
    from pandas.core.groupby.groupby import GroupBy  # noqa: F401
  File "/home/ckg/anaconda3/envs/tensorflow-cpu/lib/python3.6/site-packages/pandas/core/groupby/groupby.py", line 37, in <module>
    from pandas.core.frame import DataFrame
  File "/home/ckg/anaconda3/envs/tensorflow-cpu/lib/python3.6/site-packages/pandas/core/frame.py", line 7957, in <module>
    DataFrame._add_numeric_operations()
  File "/home/ckg/anaconda3/envs/tensorflow-cpu/lib/python3.6/site-packages/pandas/core/generic.py", line 10040, in _add_numeric_operations
    def compound(self, axis=None, skipna=None, level=None):
  File "/home/ckg/anaconda3/envs/tensorflow-cpu/lib/python3.6/site-packages/pandas/util/_decorators.py", line 314, in __call__
    func.__doc__ = dedent(self.join.join(docitems))
  File "/home/ckg/anaconda3/envs/tensorflow-cpu/lib/python3.6/textwrap.py", line 430, in dedent
    text = _whitespace_only_re.sub('', text)
KeyboardInterrupt
2019-05-25 14:49:30.516566: I tensorflow/core/platform/cpu_feature_guard.cc:141] Your CPU supports instructions that this TensorFlow binary was not compiled to use: AVX2 FMA
2019-05-25 14:49:30.536140: I tensorflow/core/platform/profile_utils/cpu_utils.cc:94] CPU Frequency: 3000000000 Hz
2019-05-25 14:49:30.536340: I tensorflow/compiler/xla/service/service.cc:150] XLA service 0x55ca171c5980 executing computations on platform Host. Devices:
2019-05-25 14:49:30.536357: I tensorflow/compiler/xla/service/service.cc:158]   StreamExecutor device (0): <undefined>, <undefined>
WARNING:tensorflow:From /home/ckg/Asynchronous_Advatnage_Actor_Critic/a3c.py:27: conv2d (from tensorflow.python.layers.convolutional) is deprecated and will be removed in a future version.
Instructions for updating:
Use keras.layers.conv2d instead.
WARNING:tensorflow:From /home/ckg/anaconda3/envs/tensorflow-cpu/lib/python3.6/site-packages/tensorflow/python/framework/op_def_library.py:263: colocate_with (from tensorflow.python.framework.ops) is deprecated and will be removed in a future version.
Instructions for updating:
Colocations handled automatically by placer.
WARNING:tensorflow:From /home/ckg/Asynchronous_Advatnage_Actor_Critic/a3c.py:30: flatten (from tensorflow.python.layers.core) is deprecated and will be removed in a future version.
Instructions for updating:
Use keras.layers.flatten instead.
WARNING:tensorflow:From /home/ckg/Asynchronous_Advatnage_Actor_Critic/a3c.py:31: dense (from tensorflow.python.layers.core) is deprecated and will be removed in a future version.
Instructions for updating:
Use keras.layers.dense instead.
WARNING:tensorflow:From /home/ckg/anaconda3/envs/tensorflow-cpu/lib/python3.6/site-packages/tensorflow/python/ops/losses/losses_impl.py:667: to_float (from tensorflow.python.ops.math_ops) is deprecated and will be removed in a future version.
Instructions for updating:
Use tf.cast instead.
WARNING:tensorflow:From /home/ckg/anaconda3/envs/tensorflow-cpu/lib/python3.6/site-packages/tensorflow/python/ops/math_ops.py:3066: to_int32 (from tensorflow.python.ops.math_ops) is deprecated and will be removed in a future version.
Instructions for updating:
Use tf.cast instead.
thread_3 -21.0 0.34922268453254 1095
thread_2 -20.0 0.354281500143175 1201
thread_1 -20.0 0.34891262672656825 1210
thread_0 -18.0 0.3464200949067067 1446
thread_3 -21.0 0.3395680716818141 1164
thread_2 -20.0 0.33950936503466017 1199
thread_1 -20.0 0.33725409857158 1305
thread_0 -20.0 0.3371704396943153 1421
thread_3 -19.0 0.3393612822156088 1303
thread_2 -20.0 0.3397724106651811 1164
thread_1 -21.0 0.34106492605407024 1182
thread_0 -19.0 0.3450282428741455 1250
thread_2 -21.0 0.35400675589246344 1147
thread_3 -20.0 0.3559186672070612 1188
thread_1 -20.0 0.3656847687697333 1236
thread_0 -21.0 0.389547357858584 1318
thread_2 -20.0 0.3946306696212282 1287
thread_3 -21.0 0.39328802858029044 1332
thread_1 -21.0 0.39426074033769404 1243
thread_0 -18.0 0.39309449953011727 1639
thread_2 -21.0 0.3970855780226416 1195
thread_3 -20.0 0.3955454692396225 1277
thread_1 -20.0 0.4001041176835304 1418
thread_0 -20.0 0.4094933880021773 1162
thread_2 -21.0 0.4086776180484696 1053
thread_3 -20.0 0.4140719015333388 1125
thread_1 -21.0 0.4222019365674791 1083
thread_2 -21.0 0.44607528100320953 1102
thread_0 -21.0 0.4501815573480477 1274
thread_1 -21.0 0.44639454650449323 1110
thread_3 -20.0 0.44757793545267266 1308
thread_2 -21.0 0.43474202217630376 1065
thread_0 -21.0 0.4337339747678205 1182
thread_3 -21.0 0.43306107031141255 1112
thread_1 -21.0 0.43632359729727377 1184
thread_2 -21.0 0.45104118765729406 1211
thread_0 -20.0 0.46374963360080573 1193
thread_3 -21.0 0.46567929470157443 1062
thread_1 -21.0 0.46299695039256555 1241
thread_2 -21.0 0.45907983704263927 1048
thread_3 -21.0 0.44764372462499624 1063
thread_0 -20.0 0.44719481718805537 1213
thread_1 -20.0 0.44714155066665723 1407
thread_2 -20.0 0.45233087105942626 1120
thread_3 -21.0 0.46005673427735605 1085
thread_0 -21.0 0.45442505784350823 1237
thread_1 -21.0 0.45927536167976074 1091
thread_2 -21.0 0.44233592866089544 1015
thread_3 -21.0 0.45406699249114113 1131
thread_0 -21.0 0.4543639583745379 1179
thread_2 -20.0 0.4500497452060074 1421
thread_1 -19.0 0.44988239903514293 1632
thread_3 -20.0 0.44602000144926196 1122
thread_0 -21.0 0.4317458971664112 1133
thread_2 -21.0 0.4294159975908662 1063
thread_1 -20.0 0.43385884621976945 1104
thread_3 -20.0 0.4384946447168559 1415
thread_0 -21.0 0.44308449416479806 1195
thread_2 -20.0 0.45562270556085854 1116
thread_1 -21.0 0.4569021258615891 1157
thread_3 -21.0 0.46006751900295106 1093
thread_0 -20.0 0.46257748264981846 1307
thread_2 -21.0 0.4655944449778016 1177
thread_1 -21.0 0.4642273196785949 1075
thread_3 -20.0 0.4671187907004276 1184
thread_0 -19.0 0.4609448842008363 1456
thread_1 -21.0 0.4497680444018711 1051
thread_2 -20.0 0.4523126556580883 1174
thread_3 -20.0 0.4277788946849923 1411
thread_2 -20.0 0.4185285392635281 1132
thread_1 -21.0 0.412058038832639 1457
thread_0 -19.0 0.41495010788285536 1598
thread_3 -20.0 0.4106645774232904 1254
thread_2 -21.0 0.41223484386003556 1156
thread_1 -21.0 0.41553783455824517 1144
thread_0 -20.0 0.41502029511635224 1398
thread_3 -21.0 0.41654569521418516 1049
thread_2 -21.0 0.41214267566254004 1146
thread_0 -21.0 0.4070345591914757 1041
thread_3 -21.0 0.4092117342249726 1098
thread_1 -19.0 0.4070445942978512 1553
thread_2 -20.0 0.40118425864029705 1230
thread_0 -20.0 0.39011875871588425 1146
thread_1 -21.0 0.3905757351133003 1049
thread_3 -21.0 0.38624344996096177 1296
thread_2 -20.0 0.39105939055805666 1322
thread_3 -21.0 0.3983194525429655 1041
thread_0 -19.0 0.3945923001093316 1435
thread_1 -19.0 0.39422867706414183 1546
thread_2 -21.0 0.39704699702320906 1397
thread_3 -20.0 0.40089833666325003 1233
thread_0 -21.0 0.40186584948847287 1107
thread_1 -21.0 0.4044263131582915 1139
thread_2 -20.0 0.40407117188248176 1318
thread_3 -21.0 0.41389260181795545 1092
thread_0 -19.0 0.4065730411734357 1490
thread_1 -20.0 0.4097310980875715 1390
thread_2 -20.0 0.3960901567463501 1302
thread_3 -21.0 0.3962646131082844 1306
thread_0 -20.0 0.39213170117125545 1253
thread_1 -21.0 0.3922661058821484 1203
thread_2 -21.0 0.39494341928525895 1327
thread_3 -20.0 0.3989473241607885 1480
thread_0 -19.0 0.40217135071351723 1480
thread_1 -21.0 0.40547756038939775 1340
thread_2 -20.0 0.4071006989094266 1518
thread_3 -21.0 0.40529248769976517 1331
thread_1 -20.0 0.40204003353990575 1291
thread_0 -19.0 0.40518162372405914 1291
thread_2 -21.0 0.4014286844459181 1222
thread_3 -20.0 0.39708719463963904 1286
thread_1 -19.0 0.39468528243862555 1620
thread_0 -20.0 0.39237169473036815 1685
thread_2 -20.0 0.39328135847120527 1289
thread_3 -20.0 0.387304351044825 1485
thread_1 -20.0 0.38451877517700195 1250
thread_0 -21.0 0.38316724371321187 1336
thread_3 -21.0 0.38575942702556043 1053
thread_2 -19.0 0.38507046103477477 1820
thread_1 -18.0 0.3905212207850932 1437
thread_0 -20.0 0.3924916431070639 1508
thread_3 -19.0 0.3950591796558215 1293
thread_2 -20.0 0.39648350661567605 1303
thread_0 -20.0 0.4124506039897332 1184
thread_1 -20.0 0.40106653897787753 1405
thread_3 -21.0 0.4063128934162304 1417
thread_2 -21.0 0.4207195425310086 1164
thread_1 -21.0 0.4056995783103715 1308
thread_0 -21.0 0.4020151242037259 1344
thread_2 -21.0 0.3979979582185293 1096
thread_3 -20.0 0.3955849794237635 1324
thread_1 -21.0 0.3839806839932809 1366
thread_0 -21.0 0.38461105073679985 1372
thread_2 -21.0 0.384048862902848 1121
thread_3 -20.0 0.3832082674949319 1144
thread_1 -21.0 0.37578254294395447 1125
thread_3 -21.0 0.37748253667060866 1177
thread_0 -20.0 0.3786440549832556 1358
thread_2 -20.0 0.3776708111373915 1440
thread_1 -19.0 0.3619487541466043 1477
thread_3 -21.0 0.3623708278907539 1418
thread_0 -21.0 0.3616997578099682 1289
thread_2 -20.0 0.3709061726927757 1300
thread_3 -20.0 0.3590908762079612 1236
thread_0 -19.0 0.360719039728961 1358
thread_2 -20.0 0.3567336020825308 1381
thread_1 -20.0 0.3573575009896505 1709
thread_3 -20.0 0.3627295773492517 1153
thread_2 -21.0 0.3666586391085409 1305
thread_0 -20.0 0.36496772262168475 1482
thread_1 -21.0 0.36689352329408026 1599
thread_3 -19.0 0.36490525110819183 1456
thread_0 -21.0 0.36699864448923053 1122
thread_2 -19.0 0.3660857019022627 1519
thread_1 -17.0 0.36443622600823683 1486
thread_3 -21.0 0.3649645624029788 1256
thread_2 -20.0 0.3671575531601815 1313
thread_0 -18.0 0.36796037126473274 1588
thread_1 -20.0 0.3736080615807988 1219
thread_3 -20.0 0.37469483946806914 1712
thread_0 -21.0 0.37255202366221385 1339
thread_2 -20.0 0.3714312884431058 1602
thread_1 -20.0 0.3715992211351923 1516
thread_3 -20.0 0.37969106339713016 1303
thread_0 -19.0 0.3885346095932078 1501
thread_1 -21.0 0.39458793888135496 1207
thread_2 -18.0 0.38855237434445705 1728
thread_3 -20.0 0.4034118623587123 1368
thread_0 -20.0 0.4071314964325422 1231
thread_1 -20.0 0.4067595021131581 1222
thread_2 -20.0 0.40631338482439444 1618
thread_3 -20.0 0.4094934925436974 1300
thread_0 -20.0 0.4105707438560659 1388
thread_1 -20.0 0.40828978457542325 1512
thread_2 -20.0 0.4123388060369321 1287
thread_3 -19.0 0.4117605393891803 1457
thread_0 -19.0 0.409315136748507 1447
thread_1 -20.0 0.4112586593852853 1325
thread_2 -19.0 0.4124408491033788 1338
thread_3 -20.0 0.41097602275512524 1309
thread_1 -20.0 0.40821186105563445 1297
thread_0 -21.0 0.40345192540818575 1767
thread_2 -21.0 0.3988606517393677 1574
thread_3 -20.0 0.39987086578978515 1324
thread_1 -21.0 0.40257008227453056 1202
thread_0 -21.0 0.40636541702668 1262
thread_2 -20.0 0.4075316058339251 1335
thread_3 -20.0 0.4061146518443962 1427
thread_1 -19.0 0.4009972910086314 1434
thread_0 -19.0 0.39779358875183835 1575
thread_2 -19.0 0.3932483213127784 1537
thread_3 -19.0 0.38994280495416966 1641
thread_1 -19.0 0.38898017884161495 1385
thread_0 -20.0 0.3871365926738405 1609
thread_3 -20.0 0.38821576412957426 1214
thread_2 -19.0 0.3907750388577892 1579
thread_1 -20.0 0.39419280345251817 1407
thread_0 -20.0 0.39208459667449674 1357
thread_3 -19.0 0.39193179544186996 1424
thread_2 -19.0 0.4009194062533094 1476
thread_1 -21.0 0.40301660917264226 1387
thread_0 -21.0 0.41017433478121174 1311
thread_2 -20.0 0.4094863934912896 1445
thread_3 -18.0 0.40339483090009787 1576
thread_1 -18.0 0.4059110190591389 1601
thread_0 -21.0 0.3992505583024174 1439
thread_3 -20.0 0.3997842852401957 1279
thread_2 -18.0 0.3930849971445015 1564
thread_1 -19.0 0.4032318186313903 1657
thread_0 -21.0 0.4124902657798079 1525
thread_2 -19.0 0.3919030819171251 1346
thread_3 -18.0 0.3973069037211702 1692
thread_1 -21.0 0.40178150648062816 1424
thread_0 -18.0 0.3856364352588294 1433
thread_3 -19.0 0.39386650488896946 1535
thread_2 -20.0 0.3986064572554792 1730
thread_0 -18.0 0.39214596408128916 1363
thread_1 -19.0 0.3904518654081236 1654
thread_3 -19.0 0.40583182685335534 1442
thread_2 -20.0 0.4145532804566461 1665
thread_1 -19.0 0.3990826559790485 1466
thread_0 -21.0 0.4069799153478894 1551
thread_3 -20.0 0.38865116996497945 1392
thread_1 -21.0 0.39199511107240753 1178
thread_2 -20.0 0.4083033323253865 1748
thread_3 -21.0 0.3967339712768548 1093
thread_0 -19.0 0.4135234357469876 1931
thread_2 -21.0 0.40971909730743133 1282
thread_1 -19.0 0.41159606472519805 1815
thread_3 -20.0 0.3903364667927599 1289
thread_0 -20.0 0.41610932477074686 1949
thread_2 -19.0 0.39738650468017156 1412
thread_1 -19.0 0.4012724197290053 1509
thread_3 -19.0 0.4257257486460108 1871
thread_0 -20.0 0.42478705413487494 1715
thread_2 -20.0 0.4249144528175841 1754
thread_1 -20.0 0.40756405612307606 1465
thread_3 -19.0 0.4192157912005802 1391
thread_1 -20.0 0.4288329441330069 1119
thread_2 -21.0 0.4338397528230104 1433
thread_0 -21.0 0.4307518002036323 1698
thread_3 -19.0 0.4177539425466197 1485
thread_1 -20.0 0.41984560470657045 1255
thread_0 -21.0 0.43598826295252346 1452
thread_2 -20.0 0.4369764275082918 1712
thread_3 -16.0 0.4292824654500676 1853
thread_1 -20.0 0.4375373297168509 1472
thread_0 -19.0 0.4779185236444416 2336
thread_2 -19.0 0.47557080268154484 2197
thread_3 -19.0 0.5288824807360487 1908
thread_1 -20.0 0.5278575076578137 2246
thread_0 -21.0 0.5535836498245728 2163
thread_2 -21.0 0.5593742796237704 2143
thread_3 -20.0 0.5335081672600231 1922
thread_1 -17.0 0.5227264990489215 2111
thread_2 -21.0 0.4929429165238615 1499
thread_0 -20.0 0.5012797561420756 2198
thread_3 -21.0 0.5005571857200949 2105
thread_1 -20.0 0.5022780067201914 2103
thread_2 -19.0 0.4955595451143841 1949
thread_0 -19.0 0.49382441007240807 1921
thread_3 -18.0 0.4832074351625421 2235
thread_1 -19.0 0.5136111973198757 1964
thread_2 -20.0 0.5112237100271753 2229
thread_0 -17.0 0.5343148028680729 2527
thread_3 -17.0 0.5418783750587522 2631
thread_1 -19.0 0.5474014260180693 2582
thread_2 -21.0 0.5586028134672019 2134
thread_0 -21.0 0.5710183512404232 2446
thread_3 -20.0 0.5623776378778877 2331
thread_1 -17.0 0.5461018793284893 2544
thread_2 -14.0 0.5576983361402318 3257
thread_3 -17.0 0.5863765101319134 2538
thread_0 -17.0 0.580749054604016 2930
thread_1 -20.0 0.5933762238726896 2125
thread_2 -17.0 0.5899990079654059 2962
thread_0 -18.0 0.573186071805297 2366
thread_3 -18.0 0.560510944273714 2905
thread_1 -21.0 0.56824524095823 2582
thread_2 -21.0 0.5446063338681059 2722
thread_1 -21.0 0.5545373706418849 2248
thread_0 -20.0 0.5529410442783904 2699
thread_3 -19.0 0.5585167695106952 2924
thread_2 -19.0 0.5558477373530804 2515
thread_0 -21.0 0.5505340148918448 2861
thread_1 -19.0 0.5550762519689338 2788
thread_3 -16.0 0.5544666385392722 3559
thread_2 -21.0 0.561716570548336 2627
thread_1 -18.0 0.5633411478786312 3293
thread_0 -20.0 0.5769319547809652 3508
thread_3 -18.0 0.5855691431352756 2980
thread_2 -19.0 0.5875446890509864 3142
thread_0 -19.0 0.6183703600937593 2820
thread_1 -16.0 0.6169763114621047 3166
thread_3 -19.0 0.6105151013772865 3118
thread_2 -17.0 0.5995117629574117 3136
thread_0 -17.0 0.5923602172927488 3360
thread_1 -19.0 0.5965938978777825 3511
thread_3 -20.0 0.5929878671099115 3262
thread_2 -13.0 0.5805198511345563 4216
thread_1 -21.0 0.5750616812741367 3370
thread_0 -18.0 0.5764520372456751 3959
thread_3 -17.0 0.5737606679125107 3544
thread_2 -18.0 0.5800629042014727 3010
thread_1 -21.0 0.5981006478859839 3191
thread_0 -21.0 0.5932719184678942 3052
thread_3 -18.0 0.5964023833994692 3269
thread_2 -21.0 0.6028325657276621 2628
thread_1 -20.0 0.5973344718451413 2848
thread_3 -21.0 0.5826741201118989 2750
thread_0 -17.0 0.5899141962677462 3355
thread_2 -21.0 0.5884776444695866 3118
thread_1 -20.0 0.5758218922308371 2651
thread_3 -20.0 0.5857403353491629 2816
thread_0 -21.0 0.5661591833685926 3064
thread_2 -15.0 0.557748572010482 3847
thread_1 -20.0 0.5637202716946399 2945
thread_3 -20.0 0.5670727119495386 2885
thread_0 -19.0 0.5656212110684534 3061
thread_2 -18.0 0.5499456459408744 3197
thread_1 -21.0 0.5582329542331992 2956
thread_0 -17.0 0.5575184435244428 3171
thread_3 -13.0 0.5535065449244821 3884
thread_2 -19.0 0.5596514410051593 3386
thread_1 -17.0 0.5766600966531263 3835
thread_0 -17.0 0.6046037598502232 3954
thread_2 -19.0 0.62444561404234 3295
thread_3 -14.0 0.6061432461913039 5535
thread_1 -19.0 0.6162852600503427 3328
thread_0 -18.0 0.6044513973632957 3721
thread_2 -21.0 0.5966048374703535 4131
thread_1 -18.0 0.6046778485069003 4066
thread_3 -16.0 0.6032042638884896 4310
thread_0 -16.0 0.6007177596750392 4097
thread_2 -19.0 0.6045011181179835 4190
thread_1 -19.0 0.6015602264955195 3921
thread_3 -17.0 0.6064428921687784 4346
thread_0 -19.0 0.6254303376236005 3571
thread_2 -21.0 0.6388578223483231 3906
thread_1 -17.0 0.6432593382692463 4157
thread_3 -17.0 0.6517214934264398 4089
thread_0 -14.0 0.6509782801468332 4760
thread_2 -12.0 0.6606953653604725 5019
thread_1 -15.0 0.6625203351486457 4729
thread_3 -9.0 0.648642824494137 5708
thread_0 -17.0 0.6436683906592009 4777
thread_2 -16.0 0.613357561826706 3435
thread_1 -17.0 0.6024373356505935 3401
thread_3 -19.0 0.625292433031844 3097
thread_0 -12.0 0.6265705705183982 3974
thread_1 -18.0 0.6180327520470621 4238
thread_2 -10.0 0.6142850814773477 5854
thread_3 -15.0 0.5999018193890304 5554
thread_0 -21.0 0.5905265682040435 3695
thread_1 -17.0 0.5925563480834823 4592
thread_2 -12.0 0.60783414296113 5409
thread_3 -17.0 0.6186734538527637 4871
thread_0 -18.0 0.6290411964487018 4977
thread_1 -19.0 0.6379490074034994 3462
thread_0 -19.0 0.6331560322646085 3965
thread_2 -19.0 0.6363535518124259 4901
thread_3 -15.0 0.6322311311419747 4687
thread_1 -15.0 0.6141865454608216 5012
thread_3 -15.0 0.6075419618246286 4762
thread_2 -11.0 0.6006006228744536 5586
thread_1 -19.0 0.6032758649232741 4397
thread_0 -13.0 0.6019662279189263 6626
thread_3 -18.0 0.6073721001514368 4773
thread_2 -19.0 0.6026416841040784 4338
thread_1 -17.0 0.6079797649246885 5670
thread_0 -15.0 0.6044089157088429 5848
thread_3 -18.0 0.603963871913417 4605
thread_2 -15.0 0.6014785071409489 5591
thread_1 -12.0 0.6042174126875144 5846
thread_0 -20.0 0.6211582860910899 5601
thread_3 -15.0 0.6376665567669596 6431
thread_2 -13.0 0.636673031996286 6291
thread_1 -17.0 0.6587593471643776 6024
thread_0 -13.0 0.646107204306008 6892
thread_3 -18.0 0.6611102930685994 6143
thread_2 -11.0 0.658871090032544 7380
thread_1 -16.0 0.6639960203777014 5907
thread_0 -9.0 0.6615845589448787 7078
thread_1 -20.0 0.6739827094695222 6409
thread_3 -7.0 0.6719340553635562 9215
thread_2 -11.0 0.6687540779980982 8267
thread_0 -10.0 0.6650444218871863 7553
thread_1 -19.0 0.6525315944026189 4986
thread_3 -10.0 0.6428468570852336 6814
thread_2 -14.0 0.6334537414666095 7559
thread_0 -8.0 0.6144411703806465 7616
thread_1 -10.0 0.6114633178568593 6951
thread_3 -14.0 0.5902604708853163 6906
thread_2 -12.0 0.5826674693463254 6083
thread_0 -17.0 0.5926115985381198 4681
thread_1 -12.0 0.592671911593799 4937
thread_2 -14.0 0.5911980369819799 5771
thread_0 -14.0 0.5896706324781947 5819
thread_3 -2.0 0.5901239456990631 8817
thread_1 -15.0 0.585600211465683 6213
thread_2 -18.0 0.5875069102830234 6658
thread_0 -12.0 0.5994212583440249 5551
thread_3 -18.0 0.5992355042991648 5524
thread_1 -19.0 0.6019746879539868 4646
thread_0 -19.0 0.5939533805506936 6517
thread_2 -10.0 0.5904391626993815 7500
thread_3 -15.0 0.5919385928420118 6970
thread_1 -10.0 0.5949393789061231 7699
thread_3 -13.0 0.6009440102268866 6093
thread_1 -20.0 0.6068411443236894 5603
thread_0 -8.0 0.5991262574818603 7971
thread_2 -5.0 0.6067573485871849 8024
thread_3 -16.0 0.6090506416792941 5279
thread_0 -15.0 0.6109165135907647 5263
thread_1 -10.0 0.6189276833524238 6197
thread_2 -15.0 0.6191947650130472 6045
thread_1 -15.0 0.6513754753608099 5706
thread_3 -10.0 0.6477853109451329 8200
thread_2 -14.0 0.645753538334134 7537
thread_0 -3.0 0.6468873764859243 9719
thread_3 -8.0 0.6346687405967738 7322
thread_1 -7.0 0.6325628206882592 8478
thread_2 -6.0 0.6306344558201501 8549
thread_0 -5.0 0.6294187034849743 8036
thread_3 -13.0 0.61124356078893 8231
thread_2 -17.0 0.6108260270899412 6208
thread_1 -6.0 0.6169992670441681 8995
thread_0 -11.0 0.605679305725416 6262
thread_3 -13.0 0.6146654069269879 6976
thread_1 -17.0 0.6123822208113617 6112
thread_2 -11.0 0.6089407031838564 9333
thread_0 -2.0 0.6101410197257996 10000
thread_1 -11.0 0.6152040798636346 6788
thread_3 -10.0 0.6136591750770687 8695
thread_2 -5.0 0.6195579884902861 8978
thread_0 -9.0 0.621804607743616 7793
thread_1 -14.0 0.609873207743703 7899
thread_3 -15.0 0.6109580193016542 7349
thread_2 -11.0 0.6014225587331034 6886
thread_0 -13.0 0.6012568706583995 8038
thread_1 -18.0 0.5975856134845576 7059
thread_3 -17.0 0.5945422567015317 6965
thread_2 -13.0 0.6172331138717374 6960
thread_0 -14.0 0.6119525573314445 7645
thread_3 -11.0 0.621698280042341 7608
thread_1 -5.0 0.615670882709368 8876
thread_2 -7.0 0.6234087847543757 9189
thread_3 -14.0 0.616168069426376 6060
thread_0 1.0 0.6212105273991824 10000
thread_1 -9.0 0.6146670371277437 8985
thread_2 -17.0 0.6139093766127284 5682
thread_3 -11.0 0.6111090581346129 8098
thread_0 -19.0 0.6092800431370599 6127
thread_1 -14.0 0.6098355192476749 6031
thread_2 -12.0 0.6127986712657267 6377
thread_3 9.0 0.6174185211778 8757
thread_0 -6.0 0.620886214740524 8731
thread_2 -10.0 0.6215513720518896 7330
thread_1 -9.0 0.6260516564140577 9348
thread_3 4.0 0.6380432967315871 7797
thread_0 -5.0 0.6409497013889293 8191
thread_2 -8.0 0.6413097413222463 9177
thread_1 -2.0 0.6482963620548731 8151
thread_3 -12.0 0.6552482135471942 7637
thread_0 -11.0 0.6519270148902024 7270
thread_2 -1.0 0.6485087378966988 9016
thread_1 -3.0 0.6492775143855867 9247
thread_3 -11.0 0.6479267212593142 7691
thread_0 -8.0 0.6486185328438281 8863
thread_1 -9.0 0.6569736085197527 8242
thread_2 -2.0 0.6563484532445669 10000
thread_3 -8.0 0.662745111466136 8041
thread_0 -5.0 0.681319325185377 8938
thread_2 -10.0 0.6824982791413157 7349
thread_3 -10.0 0.6664393850064115 7181
thread_1 -4.0 0.6728252354800701 10000
thread_0 0.0 0.6542661867976188 10000
thread_2 -15.0 0.6490676618964946 7423
thread_1 -13.0 0.6521508047582645 8667
thread_3 -2.0 0.6485127952158452 10000
thread_0 -14.0 0.6439762235526805 6678
thread_2 1.0 0.6443910836070788 9892
thread_1 1.0 0.6446170591115952 10000
thread_3 -3.0 0.6415967717467794 9470
thread_0 -17.0 0.6382105624241825 8434
thread_2 -15.0 0.6245535014948678 6705
thread_1 -16.0 0.5995686000418181 6873
thread_3 -4.0 0.6052535454328147 7640
thread_0 -8.0 0.5943725104848104 8130
thread_2 -12.0 0.6016603093244848 8528
thread_1 -9.0 0.5905918790407462 7618
thread_3 -17.0 0.5911821398065068 7014
thread_2 -14.0 0.5757540303575414 5865
thread_0 -4.0 0.5701935040831566 10000
thread_1 -16.0 0.5763053181270759 7200
thread_3 -1.0 0.5751819480389356 10000
thread_0 -17.0 0.5920218492016 6222
thread_2 2.0 0.5844130035370588 10000
thread_1 -11.0 0.5818662551007693 7742
thread_3 -1.0 0.5731914793417452 7703
thread_0 -6.0 0.5801991281189652 9082
thread_2 -9.0 0.5705817948669195 10000
thread_1 1.0 0.5846877550423145 10000
thread_3 -6.0 0.5927168727874755 10000
thread_0 -12.0 0.5948807710724473 9017
thread_2 4.0 0.6033888718187809 10000
thread_1 2.0 0.603377200049162 10000
thread_3 -6.0 0.6098004956001727 8629
thread_0 1.0 0.6120350246429443 10000
thread_2 -11.0 0.6056525493028391 7578
thread_1 -6.0 0.5958138832237803 9765
thread_3 -5.0 0.5792437651365996 10000
thread_2 7.0 0.5741627681628716 7918
thread_0 2.0 0.565259855645895 10000
thread_1 -2.0 0.5791649032205344 10000
thread_3 -8.0 0.5851305799126625 10000
thread_2 6.0 0.5751856105357408 10000
thread_0 0.0 0.5782435390681029 10000
thread_1 -1.0 0.563260537353158 10000
thread_3 -4.0 0.5752227420481089 8284
thread_0 -11.0 0.5711086655166482 8241
thread_2 5.0 0.5725775604802699 9921
thread_3 -8.0 0.5868019320738006 9692
thread_1 -10.0 0.5757405170887708 10000
thread_0 -1.0 0.5788045332461595 10000
thread_2 -4.0 0.5863235807865859 10000
thread_3 11.0 0.5834735948536623 8345
thread_1 2.0 0.580459332048893 10000
thread_0 -9.0 0.5823911425566113 9399
thread_2 -4.0 0.5817929154247046 10000
thread_3 -7.0 0.5641037959908447 8127
thread_1 -12.0 0.5762329324847986 8031
thread_0 -9.0 0.5686984660320293 9891
thread_2 -4.0 0.5672372011334349 9839
thread_3 -2.0 0.5706522832155227 10000
thread_1 -12.0 0.5697236601653237 8980
thread_0 -1.0 0.5875065309971571 10000
thread_2 -4.0 0.5804647233575583 10000
thread_3 -8.0 0.5971546957821597 9703
thread_1 -6.0 0.6056082752972841 10000
thread_0 -2.0 0.595281878784299 10000
thread_2 -7.0 0.5923571504827332 9759
thread_3 9.0 0.5823964996721236 8645
thread_1 1.0 0.5833827805697918 10000
thread_2 6.0 0.6077480309408907 8782
thread_0 -2.0 0.6098761840343475 10000
thread_3 -1.0 0.6195450216829776 10000
thread_1 -1.0 0.6211181952923537 10000
thread_2 -8.0 0.6201546765320899 9893
thread_0 -9.0 0.619625526842475 10000
thread_3 -4.0 0.6153420513103353 9350
thread_1 -9.0 0.6087605592783832 9584
thread_2 -4.0 0.5942390932053327 10000
thread_0 -5.0 0.598692401227355 10000
thread_3 4.0 0.592385506349802 10000
thread_1 10.0 0.5868833519804936 8320
thread_2 6.0 0.5880533801651396 7962
thread_3 4.0 0.5832061694173545 9472
thread_0 -6.0 0.5893827227175236 10000
thread_1 -3.0 0.5875421199977398 10000
thread_2 4.0 0.5779022401958704 10000
thread_3 9.0 0.5669159337939401 8282
thread_0 -3.0 0.5763685018631353 9415
thread_1 -14.0 0.5742586818724871 10000
thread_2 -6.0 0.5652091539230015 9679
thread_3 -7.0 0.5619933022420444 9453
thread_0 3.0 0.5433293585270643 10000
thread_1 -12.0 0.5369528788532919 8384
thread_2 -5.0 0.5420763768345787 9264
thread_3 -4.0 0.5428645221054554 10000
thread_0 2.0 0.5588105809897185 10000
thread_1 3.0 0.5612536382436752 10000
thread_2 -12.0 0.5684485917701488 9996
thread_3 -4.0 0.5666538503788715 9603
thread_0 -4.0 0.5641974799722433 10000
thread_1 5.0 0.5547304019242525 10000
thread_2 -7.0 0.5514444663047791 10000
thread_3 -3.0 0.5578336849182844 10000
thread_0 0.0 0.5682930531769991 10000
thread_1 5.0 0.571540444406867 10000
thread_2 1.0 0.5882449350446463 10000
thread_3 -4.0 0.5970492842763663 10000
thread_0 -5.0 0.6015387042909861 10000
thread_1 -6.0 0.602309408596158 10000
thread_2 2.0 0.5941409241378307 10000
thread_3 11.0 0.5931244461899019 9593
thread_0 1.0 0.5945771624356508 10000
thread_1 2.0 0.5966202285736799 10000
thread_2 -13.0 0.5932312191630927 8955
thread_3 -2.0 0.5849241054594517 10000
thread_0 -9.0 0.5704550580948591 10000
thread_1 -2.0 0.5716299601584673 10000
thread_2 4.0 0.5733582195878029 10000
thread_3 -1.0 0.5651762146949768 10000
thread_0 -5.0 0.5632828588902951 10000
thread_1 -2.0 0.5649100435644389 10000
thread_2 -12.0 0.5657174774300738 9284
thread_3 -7.0 0.5725379562109709 10000
thread_0 -3.0 0.5879708237677812 10000
thread_1 -5.0 0.5908051391417882 9639
thread_2 -9.0 0.5988370599288164 8574
thread_3 -3.0 0.5987285820633172 10000
thread_0 -6.0 0.6014725349024798 9965
thread_1 -8.0 0.5972451505661011 10000
thread_2 -3.0 0.6007241168528795 10000
thread_3 12.0 0.6113967997796331 5696
thread_0 -2.0 0.6104988209545612 10000
thread_1 -1.0 0.6124932101488113 10000
thread_2 7.0 0.6116641508072614 10000
thread_3 -1.0 0.6133234077215195 10000
thread_1 7.0 0.5973243502460519 8557
thread_0 0.0 0.5990636686235666 10000
thread_2 -6.0 0.5927854475319385 10000
thread_3 -7.0 0.5944016838252545 10000
thread_1 9.0 0.6004585606962443 10000
thread_0 6.0 0.6003990641862154 10000
thread_2 5.0 0.6040748259365558 10000
thread_3 1.0 0.6088695888161659 10000
thread_1 -3.0 0.6218075614780187 10000
thread_0 -4.0 0.6189449340730906 10000
thread_2 3.0 0.6217285260349512 10000
thread_3 -7.0 0.6190367993861436 10000
thread_1 5.0 0.6359472266465426 10000
thread_0 2.0 0.633509117051959 10000
thread_2 5.0 0.6317439047843217 10000
thread_3 -5.0 0.6331386130422354 10000
thread_1 -13.0 0.6225856811372482 9031
thread_0 8.0 0.6205506377389077 9781
thread_2 1.0 0.6243393888324499 10000
thread_3 -2.0 0.6257183296978474 10000
thread_0 11.0 0.6122952381361005 7290
thread_1 3.0 0.614292544990778 10000
thread_2